Package
------------------
aiohttp
aiosignal
apparmor
appdirs
arandr
async-timeout
attrs
autocommand
backoff
bashlex
btrfsutil
cffi
chardet
charset-normalizer
click
compiledb
cryptography
Cython
dbus-python
distro
docutils
frozenlist
guake
idna
importlib-metadata
inflect
jaraco.context
jaraco.functools
jaraco.text
LibAppArmor
libfdt
more-itertools
multidict
netifaces
ordered-set
packaging
pbr
pip
ply
psutil
pycairo
pycparser
pydantic
PyGObject
pyparsing
PyQt5
PyQt5-sip
PyYAML
requests
setuptools
shutilwhich
spotify
team
tomli
trove-classifiers
typing_extensions
urllib3
validate-pyproject
wheel
yarl
zipp
